<?xml version="1.0" encoding="UTF-8"?>
<testsuite name="com.example.helloworld.db.PersonDAOTest" tests="3" skipped="0" failures="0" errors="0" timestamp="2017-08-05T21:43:15" hostname="ubuntu-steveo" time="0.105">
  <properties/>
  <testcase name="findAll" classname="com.example.helloworld.db.PersonDAOTest" time="0.032"/>
  <testcase name="handlesNullFullName" classname="com.example.helloworld.db.PersonDAOTest" time="0.006"/>
  <testcase name="createPerson" classname="com.example.helloworld.db.PersonDAOTest" time="0.005"/>
  <system-out><![CDATA[]]></system-out>
  <system-err><![CDATA[]]></system-err>
</testsuite>
