<?xml version="1.0" encoding="UTF-8"?>
<testsuite name="com.example.helloworld.resources.PersonResourceTest" tests="2" skipped="0" failures="0" errors="0" timestamp="2017-08-05T21:43:16" hostname="ubuntu-steveo" time="0.091">
  <properties/>
  <testcase name="getPersonSuccess" classname="com.example.helloworld.resources.PersonResourceTest" time="0.083"/>
  <testcase name="getPersonNotFound" classname="com.example.helloworld.resources.PersonResourceTest" time="0.008"/>
  <system-out><![CDATA[]]></system-out>
  <system-err><![CDATA[]]></system-err>
</testsuite>
